#! /c/iverilog/bin/vvp
:ivl_version "0.9.7 " "(v0_9_7)";
:vpi_time_precision + 0;
:vpi_module "system";
:vpi_module "v2005_math";
:vpi_module "va_math";
S_01143810 .scope module, "tb_mux2" "tb_mux2" 2 15;
 .timescale 0 0;
v0114EE78_0 .var "d0", 0 0;
v011A10A0_0 .var "d1", 0 0;
v011A0C28_0 .var "s", 0 0;
v011A1308_0 .net "y", 0 0, L_011A16D0; 1 drivers
S_01143898 .scope module, "uut" "mux2" 2 19, 2 1, S_01143810;
 .timescale 0 0;
L_01143920 .functor NOT 1, v011A0C28_0, C4<0>, C4<0>, C4<0>;
L_0114EF08 .functor AND 1, v0114EE78_0, L_01143920, C4<1>, C4<1>;
L_0114EFB0 .functor AND 1, v011A10A0_0, v011A0C28_0, C4<1>, C4<1>;
L_011A16D0 .functor OR 1, L_0114EF08, L_0114EFB0, C4<0>, C4<0>;
v011445B0_0 .net "d0", 0 0, v0114EE78_0; 1 drivers
v01144608_0 .net "d1", 0 0, v011A10A0_0; 1 drivers
v01144660_0 .net "ns", 0 0, L_01143920; 1 drivers
v011446B8_0 .net "s", 0 0, v011A0C28_0; 1 drivers
v0114ED70_0 .alias "y", 0 0, v011A1308_0;
v0114EDC8_0 .net "y1", 0 0, L_0114EF08; 1 drivers
v0114EE20_0 .net "y2", 0 0, L_0114EFB0; 1 drivers
    .scope S_01143810;
T_0 ;
    %vpi_call 2 23 "$dumpfile", "mux2.vcd";
    %vpi_call 2 24 "$dumpvars", 1'sb0, S_01143810;
    %set/v v0114EE78_0, 0, 1;
    %set/v v011A10A0_0, 0, 1;
    %delay 10, 0;
    %vpi_call 2 27 "$display", "Test 1: d0=%b, d1=%b, s=%b => y=%b", v0114EE78_0, v011A10A0_0, v011A0C28_0, v011A1308_0;
    %set/v v0114EE78_0, 0, 1;
    %set/v v011A10A0_0, 1, 1;
    %delay 10, 0;
    %vpi_call 2 30 "$display", "Test 2: d0=%b, d1=%b, s=%b => y=%b", v0114EE78_0, v011A10A0_0, v011A0C28_0, v011A1308_0;
    %set/v v0114EE78_0, 1, 1;
    %set/v v011A10A0_0, 0, 1;
    %delay 10, 0;
    %vpi_call 2 33 "$display", "Test 3: d0=%b, d1=%b, s=%b => y=%b", v0114EE78_0, v011A10A0_0, v011A0C28_0, v011A1308_0;
    %set/v v0114EE78_0, 1, 1;
    %set/v v011A10A0_0, 1, 1;
    %delay 10, 0;
    %vpi_call 2 36 "$display", "Test 4: d0=%b, d1=%b, s=%b => y=%b", v0114EE78_0, v011A10A0_0, v011A0C28_0, v011A1308_0;
    %vpi_call 2 38 "$finish";
    %end;
    .thread T_0;
# The file index is used to find the file name in the following table.
:file_names 3;
    "N/A";
    "<interactive>";
    "mux2.v";
